2014-04-21 10:09:35 Error: [MissingControllerException] Controller class PostsController could not be found.
Exception Attributes: array (
  'class' => 'PostsController',
  'plugin' => NULL,
)
Request URL: /
Stack Trace:
#0 /var/www/html/example-app/webroot/index.php(99): Dispatcher->dispatch(Object(CakeRequest), Object(CakeResponse))
#1 /var/www/html/example-app/index.php(10): require('/var/www/html/e...')
#2 {main}
2014-04-22 01:36:32 Error: Fatal Error (4): syntax error, unexpected T_VARIABLE in [/var/www/html/example-app/Controller/PostsController.php, line 7]
2014-04-22 01:36:32 Error: [FatalErrorException] syntax error, unexpected T_VARIABLE
Request URL: /
Stack Trace:
#0 /var/www/html/example-app/Vendor/pear-pear.cakephp.org/CakePHP/Cake/Error/ErrorHandler.php(203): ErrorHandler::handleFatalError(4, 'syntax error, u...', '/var/www/html/e...', 7)
#1 [internal function]: ErrorHandler::handleError(4, 'syntax error, u...', '/var/www/html/e...', 7, Array)
#2 /var/www/html/example-app/Vendor/pear-pear.cakephp.org/CakePHP/Cake/Core/App.php(929): call_user_func('ErrorHandler::h...', 4, 'syntax error, u...', '/var/www/html/e...', 7, Array)
#3 /var/www/html/example-app/Vendor/pear-pear.cakephp.org/CakePHP/Cake/Core/App.php(902): App::_checkFatalError()
#4 [internal function]: App::shutdown()
#5 {main}
2014-04-22 01:37:05 Error: [MissingLayoutException] Layout file "/var/www/html/example-app/View/Layouts/simple.ctp" is missing.
Exception Attributes: array (
  'file' => '/var/www/html/example-app/View/Layouts/simple.ctp',
)
Request URL: /
Stack Trace:
#0 /var/www/html/example-app/Vendor/pear-pear.cakephp.org/CakePHP/Cake/View/View.php(504): View->_getLayoutFileName('simple')
#1 /var/www/html/example-app/Vendor/pear-pear.cakephp.org/CakePHP/Cake/View/View.php(474): View->renderLayout('', 'simple')
#2 /var/www/html/example-app/Vendor/pear-pear.cakephp.org/CakePHP/Cake/Controller/Controller.php(954): View->render(NULL, NULL)
#3 /var/www/html/example-app/Vendor/pear-pear.cakephp.org/CakePHP/Cake/Routing/Dispatcher.php(192): Controller->render()
#4 /var/www/html/example-app/Vendor/pear-pear.cakephp.org/CakePHP/Cake/Routing/Dispatcher.php(160): Dispatcher->_invoke(Object(PostsController), Object(CakeRequest), Object(CakeResponse))
#5 /var/www/html/example-app/webroot/index.php(99): Dispatcher->dispatch(Object(CakeRequest), Object(CakeResponse))
#6 /var/www/html/example-app/index.php(10): require('/var/www/html/e...')
#7 {main}
2014-04-22 04:01:01 Error: Fatal Error (4): syntax error, unexpected T_STRING, expecting T_VARIABLE in [/var/www/html/example-app/Controller/PagesController.php, line 7]
2014-04-22 04:01:01 Error: [FatalErrorException] syntax error, unexpected T_STRING, expecting T_VARIABLE
Request URL: /
Stack Trace:
#0 /var/www/html/example-app/Vendor/pear-pear.cakephp.org/CakePHP/Cake/Error/ErrorHandler.php(203): ErrorHandler::handleFatalError(4, 'syntax error, u...', '/var/www/html/e...', 7)
#1 [internal function]: ErrorHandler::handleError(4, 'syntax error, u...', '/var/www/html/e...', 7, Array)
#2 /var/www/html/example-app/Vendor/pear-pear.cakephp.org/CakePHP/Cake/Core/App.php(929): call_user_func('ErrorHandler::h...', 4, 'syntax error, u...', '/var/www/html/e...', 7, Array)
#3 /var/www/html/example-app/Vendor/pear-pear.cakephp.org/CakePHP/Cake/Core/App.php(902): App::_checkFatalError()
#4 [internal function]: App::shutdown()
#5 {main}
2014-04-22 06:14:08 Error: Fatal Error (1): Call to undefined method View::elemtent() in [/var/www/html/example-app/View/Layouts/default.ctp, line 11]
2014-04-22 06:14:08 Error: [FatalErrorException] Call to undefined method View::elemtent()
Request URL: /
Stack Trace:
#0 /var/www/html/example-app/Vendor/pear-pear.cakephp.org/CakePHP/Cake/Error/ErrorHandler.php(203): ErrorHandler::handleFatalError(1, 'Call to undefin...', '/var/www/html/e...', 11)
#1 [internal function]: ErrorHandler::handleError(1, 'Call to undefin...', '/var/www/html/e...', 11, Array)
#2 /var/www/html/example-app/Vendor/pear-pear.cakephp.org/CakePHP/Cake/Core/App.php(929): call_user_func('ErrorHandler::h...', 1, 'Call to undefin...', '/var/www/html/e...', 11, Array)
#3 /var/www/html/example-app/Vendor/pear-pear.cakephp.org/CakePHP/Cake/Core/App.php(902): App::_checkFatalError()
#4 [internal function]: App::shutdown()
#5 {main}
2014-04-22 07:38:03 Error: [MissingControllerException] Controller class UsersController could not be found.
Exception Attributes: array (
  'class' => 'UsersController',
  'plugin' => NULL,
)
Request URL: /users
Stack Trace:
#0 /var/www/html/example-app/webroot/index.php(99): Dispatcher->dispatch(Object(CakeRequest), Object(CakeResponse))
#1 {main}
2014-04-22 07:39:49 Error: [MissingActionException] Action UsersController::index() could not be found.
Exception Attributes: array (
  'controller' => 'UsersController',
  'action' => 'index',
)
Request URL: /users
Stack Trace:
#0 /var/www/html/example-app/Vendor/pear-pear.cakephp.org/CakePHP/Cake/Routing/Dispatcher.php(185): Controller->invokeAction(Object(CakeRequest))
#1 /var/www/html/example-app/Vendor/pear-pear.cakephp.org/CakePHP/Cake/Routing/Dispatcher.php(160): Dispatcher->_invoke(Object(UsersController), Object(CakeRequest), Object(CakeResponse))
#2 /var/www/html/example-app/webroot/index.php(99): Dispatcher->dispatch(Object(CakeRequest), Object(CakeResponse))
#3 {main}
2014-04-22 07:42:54 Error: [MissingViewException] View file "/var/www/html/example-app/View/Users/signup.ctp" is missing.
Exception Attributes: array (
  'file' => '/var/www/html/example-app/View/Users/signup.ctp',
)
Request URL: /users/signup
Stack Trace:
#0 /var/www/html/example-app/Vendor/pear-pear.cakephp.org/CakePHP/Cake/View/View.php(463): View->_getViewFileName(NULL)
#1 /var/www/html/example-app/Vendor/pear-pear.cakephp.org/CakePHP/Cake/Controller/Controller.php(954): View->render(NULL, NULL)
#2 /var/www/html/example-app/Vendor/pear-pear.cakephp.org/CakePHP/Cake/Routing/Dispatcher.php(192): Controller->render()
#3 /var/www/html/example-app/Vendor/pear-pear.cakephp.org/CakePHP/Cake/Routing/Dispatcher.php(160): Dispatcher->_invoke(Object(UsersController), Object(CakeRequest), Object(CakeResponse))
#4 /var/www/html/example-app/webroot/index.php(99): Dispatcher->dispatch(Object(CakeRequest), Object(CakeResponse))
#5 {main}
2014-04-22 07:59:22 Error: [MissingViewException] View file "/var/www/html/example-app/View/Users/signup.ctp" is missing.
Exception Attributes: array (
  'file' => '/var/www/html/example-app/View/Users/signup.ctp',
)
Request URL: /users/signup
Stack Trace:
#0 /var/www/html/example-app/Vendor/pear-pear.cakephp.org/CakePHP/Cake/View/View.php(463): View->_getViewFileName(NULL)
#1 /var/www/html/example-app/Vendor/pear-pear.cakephp.org/CakePHP/Cake/Controller/Controller.php(954): View->render(NULL, NULL)
#2 /var/www/html/example-app/Vendor/pear-pear.cakephp.org/CakePHP/Cake/Routing/Dispatcher.php(192): Controller->render()
#3 /var/www/html/example-app/Vendor/pear-pear.cakephp.org/CakePHP/Cake/Routing/Dispatcher.php(160): Dispatcher->_invoke(Object(UsersController), Object(CakeRequest), Object(CakeResponse))
#4 /var/www/html/example-app/webroot/index.php(99): Dispatcher->dispatch(Object(CakeRequest), Object(CakeResponse))
#5 {main}
2014-04-22 08:23:28 Error: Fatal Error (4): syntax error, unexpected T_PUBLIC, expecting ',' or ';' in [/var/www/html/example-app/Controller/AppController.php, line 33]
2014-04-22 08:23:28 Error: [FatalErrorException] syntax error, unexpected T_PUBLIC, expecting ',' or ';'
Request URL: /
Stack Trace:
#0 /var/www/html/example-app/Vendor/pear-pear.cakephp.org/CakePHP/Cake/Error/ErrorHandler.php(203): ErrorHandler::handleFatalError(4, 'syntax error, u...', '/var/www/html/e...', 33)
#1 [internal function]: ErrorHandler::handleError(4, 'syntax error, u...', '/var/www/html/e...', 33, Array)
#2 /var/www/html/example-app/Vendor/pear-pear.cakephp.org/CakePHP/Cake/Core/App.php(929): call_user_func('ErrorHandler::h...', 4, 'syntax error, u...', '/var/www/html/e...', 33, Array)
#3 /var/www/html/example-app/Vendor/pear-pear.cakephp.org/CakePHP/Cake/Core/App.php(902): App::_checkFatalError()
#4 [internal function]: App::shutdown()
#5 {main}
2014-04-22 08:24:11 Error: [MissingViewException] View file "/var/www/html/example-app/View/Users/login.ctp" is missing.
Exception Attributes: array (
  'file' => '/var/www/html/example-app/View/Users/login.ctp',
)
Request URL: /users/login
Stack Trace:
#0 /var/www/html/example-app/Vendor/pear-pear.cakephp.org/CakePHP/Cake/View/View.php(463): View->_getViewFileName(NULL)
#1 /var/www/html/example-app/Vendor/pear-pear.cakephp.org/CakePHP/Cake/Controller/Controller.php(954): View->render(NULL, NULL)
#2 /var/www/html/example-app/Vendor/pear-pear.cakephp.org/CakePHP/Cake/Routing/Dispatcher.php(192): Controller->render()
#3 /var/www/html/example-app/Vendor/pear-pear.cakephp.org/CakePHP/Cake/Routing/Dispatcher.php(160): Dispatcher->_invoke(Object(UsersController), Object(CakeRequest), Object(CakeResponse))
#4 /var/www/html/example-app/webroot/index.php(99): Dispatcher->dispatch(Object(CakeRequest), Object(CakeResponse))
#5 {main}
2014-04-22 08:25:46 Error: [MissingViewException] View file "/var/www/html/example-app/View/Users/login.ctp" is missing.
Exception Attributes: array (
  'file' => '/var/www/html/example-app/View/Users/login.ctp',
)
Request URL: /users/login
Stack Trace:
#0 /var/www/html/example-app/Vendor/pear-pear.cakephp.org/CakePHP/Cake/View/View.php(463): View->_getViewFileName(NULL)
#1 /var/www/html/example-app/Vendor/pear-pear.cakephp.org/CakePHP/Cake/Controller/Controller.php(954): View->render(NULL, NULL)
#2 /var/www/html/example-app/Vendor/pear-pear.cakephp.org/CakePHP/Cake/Routing/Dispatcher.php(192): Controller->render()
#3 /var/www/html/example-app/Vendor/pear-pear.cakephp.org/CakePHP/Cake/Routing/Dispatcher.php(160): Dispatcher->_invoke(Object(UsersController), Object(CakeRequest), Object(CakeResponse))
#4 /var/www/html/example-app/webroot/index.php(99): Dispatcher->dispatch(Object(CakeRequest), Object(CakeResponse))
#5 {main}
2014-04-22 09:01:34 Error: [MissingViewException] View file "/var/www/html/example-app/View/Users/signup.ctp" is missing.
Exception Attributes: array (
  'file' => '/var/www/html/example-app/View/Users/signup.ctp',
)
Request URL: /users/signup
Stack Trace:
#0 /var/www/html/example-app/Vendor/pear-pear.cakephp.org/CakePHP/Cake/View/View.php(463): View->_getViewFileName(NULL)
#1 /var/www/html/example-app/Vendor/pear-pear.cakephp.org/CakePHP/Cake/Controller/Controller.php(954): View->render(NULL, NULL)
#2 /var/www/html/example-app/Vendor/pear-pear.cakephp.org/CakePHP/Cake/Routing/Dispatcher.php(192): Controller->render()
#3 /var/www/html/example-app/Vendor/pear-pear.cakephp.org/CakePHP/Cake/Routing/Dispatcher.php(160): Dispatcher->_invoke(Object(UsersController), Object(CakeRequest), Object(CakeResponse))
#4 /var/www/html/example-app/webroot/index.php(99): Dispatcher->dispatch(Object(CakeRequest), Object(CakeResponse))
#5 {main}
2014-04-22 09:01:40 Error: [MissingViewException] View file "/var/www/html/example-app/View/Users/signup.ctp" is missing.
Exception Attributes: array (
  'file' => '/var/www/html/example-app/View/Users/signup.ctp',
)
Request URL: /users/signup
Stack Trace:
#0 /var/www/html/example-app/Vendor/pear-pear.cakephp.org/CakePHP/Cake/View/View.php(463): View->_getViewFileName(NULL)
#1 /var/www/html/example-app/Vendor/pear-pear.cakephp.org/CakePHP/Cake/Controller/Controller.php(954): View->render(NULL, NULL)
#2 /var/www/html/example-app/Vendor/pear-pear.cakephp.org/CakePHP/Cake/Routing/Dispatcher.php(192): Controller->render()
#3 /var/www/html/example-app/Vendor/pear-pear.cakephp.org/CakePHP/Cake/Routing/Dispatcher.php(160): Dispatcher->_invoke(Object(UsersController), Object(CakeRequest), Object(CakeResponse))
#4 /var/www/html/example-app/webroot/index.php(99): Dispatcher->dispatch(Object(CakeRequest), Object(CakeResponse))
#5 {main}
2014-04-22 09:04:31 Error: [MissingViewException] View file "/var/www/html/example-app/View/Users/signup.ctp" is missing.
Exception Attributes: array (
  'file' => '/var/www/html/example-app/View/Users/signup.ctp',
)
Request URL: /users/signup
Stack Trace:
#0 /var/www/html/example-app/Vendor/pear-pear.cakephp.org/CakePHP/Cake/View/View.php(463): View->_getViewFileName(NULL)
#1 /var/www/html/example-app/Vendor/pear-pear.cakephp.org/CakePHP/Cake/Controller/Controller.php(954): View->render(NULL, NULL)
#2 /var/www/html/example-app/Vendor/pear-pear.cakephp.org/CakePHP/Cake/Routing/Dispatcher.php(192): Controller->render()
#3 /var/www/html/example-app/Vendor/pear-pear.cakephp.org/CakePHP/Cake/Routing/Dispatcher.php(160): Dispatcher->_invoke(Object(UsersController), Object(CakeRequest), Object(CakeResponse))
#4 /var/www/html/example-app/webroot/index.php(99): Dispatcher->dispatch(Object(CakeRequest), Object(CakeResponse))
#5 {main}
2014-04-22 09:42:48 Error: Fatal Error (1): Call to undefined function dump() in [/var/www/html/example-app/View/Layouts/default.ctp, line 18]
2014-04-22 09:42:48 Error: [FatalErrorException] Call to undefined function dump()
Request URL: /signup
Stack Trace:
#0 /var/www/html/example-app/Vendor/pear-pear.cakephp.org/CakePHP/Cake/Error/ErrorHandler.php(203): ErrorHandler::handleFatalError(1, 'Call to undefin...', '/var/www/html/e...', 18)
#1 [internal function]: ErrorHandler::handleError(1, 'Call to undefin...', '/var/www/html/e...', 18, Array)
#2 /var/www/html/example-app/Vendor/pear-pear.cakephp.org/CakePHP/Cake/Core/App.php(929): call_user_func('ErrorHandler::h...', 1, 'Call to undefin...', '/var/www/html/e...', 18, Array)
#3 /var/www/html/example-app/Vendor/pear-pear.cakephp.org/CakePHP/Cake/Core/App.php(902): App::_checkFatalError()
#4 [internal function]: App::shutdown()
#5 {main}
2014-04-22 09:45:46 Error: [MissingViewException] View file "/var/www/html/example-app/View/Users/signup.ctp" is missing.
Exception Attributes: array (
  'file' => '/var/www/html/example-app/View/Users/signup.ctp',
)
Request URL: /users/signup
Stack Trace:
#0 /var/www/html/example-app/Vendor/pear-pear.cakephp.org/CakePHP/Cake/View/View.php(463): View->_getViewFileName(NULL)
#1 /var/www/html/example-app/Vendor/pear-pear.cakephp.org/CakePHP/Cake/Controller/Controller.php(954): View->render(NULL, NULL)
#2 /var/www/html/example-app/Vendor/pear-pear.cakephp.org/CakePHP/Cake/Routing/Dispatcher.php(192): Controller->render()
#3 /var/www/html/example-app/Vendor/pear-pear.cakephp.org/CakePHP/Cake/Routing/Dispatcher.php(160): Dispatcher->_invoke(Object(UsersController), Object(CakeRequest), Object(CakeResponse))
#4 /var/www/html/example-app/webroot/index.php(99): Dispatcher->dispatch(Object(CakeRequest), Object(CakeResponse))
#5 {main}
2014-04-22 09:47:08 Error: [MissingViewException] View file "/var/www/html/example-app/View/Users/signup.ctp" is missing.
Exception Attributes: array (
  'file' => '/var/www/html/example-app/View/Users/signup.ctp',
)
Request URL: /users/signup
Stack Trace:
#0 /var/www/html/example-app/Vendor/pear-pear.cakephp.org/CakePHP/Cake/View/View.php(463): View->_getViewFileName(NULL)
#1 /var/www/html/example-app/Vendor/pear-pear.cakephp.org/CakePHP/Cake/Controller/Controller.php(954): View->render(NULL, NULL)
#2 /var/www/html/example-app/Vendor/pear-pear.cakephp.org/CakePHP/Cake/Routing/Dispatcher.php(192): Controller->render()
#3 /var/www/html/example-app/Vendor/pear-pear.cakephp.org/CakePHP/Cake/Routing/Dispatcher.php(160): Dispatcher->_invoke(Object(UsersController), Object(CakeRequest), Object(CakeResponse))
#4 /var/www/html/example-app/webroot/index.php(99): Dispatcher->dispatch(Object(CakeRequest), Object(CakeResponse))
#5 {main}
2014-04-22 09:48:36 Error: [MissingViewException] View file "/var/www/html/example-app/View/Users/signup.ctp" is missing.
Exception Attributes: array (
  'file' => '/var/www/html/example-app/View/Users/signup.ctp',
)
Request URL: /users/signup
Stack Trace:
#0 /var/www/html/example-app/Vendor/pear-pear.cakephp.org/CakePHP/Cake/View/View.php(463): View->_getViewFileName(NULL)
#1 /var/www/html/example-app/Vendor/pear-pear.cakephp.org/CakePHP/Cake/Controller/Controller.php(954): View->render(NULL, NULL)
#2 /var/www/html/example-app/Vendor/pear-pear.cakephp.org/CakePHP/Cake/Routing/Dispatcher.php(192): Controller->render()
#3 /var/www/html/example-app/Vendor/pear-pear.cakephp.org/CakePHP/Cake/Routing/Dispatcher.php(160): Dispatcher->_invoke(Object(UsersController), Object(CakeRequest), Object(CakeResponse))
#4 /var/www/html/example-app/webroot/index.php(99): Dispatcher->dispatch(Object(CakeRequest), Object(CakeResponse))
#5 {main}
